23-02-09 13:54:55.637 : 04_RLFN
23-02-09 13:55:01.864 : 0801.png - PSNR: 29.50 dB
23-02-09 13:55:02.479 : 0802.png - PSNR: 35.30 dB
23-02-09 13:55:03.135 : 0803.png - PSNR: 40.61 dB
23-02-09 13:55:03.690 : 0804.png - PSNR: 27.48 dB
23-02-09 13:55:04.371 : 0805.png - PSNR: 28.57 dB
23-02-09 13:55:04.955 : 0806.png - PSNR: 28.50 dB
23-02-09 13:55:05.433 : 0807.png - PSNR: 20.25 dB
23-02-09 13:55:06.007 : 0808.png - PSNR: 26.85 dB
23-02-09 13:55:06.598 : 0809.png - PSNR: 32.29 dB
23-02-09 13:55:07.261 : 0810.png - PSNR: 26.78 dB
23-02-09 13:55:07.829 : 0811.png - PSNR: 29.11 dB
23-02-09 13:55:08.443 : 0812.png - PSNR: 28.04 dB
23-02-09 13:55:09.029 : 0813.png - PSNR: 31.43 dB
23-02-09 13:55:09.564 : 0814.png - PSNR: 28.31 dB
23-02-09 13:55:10.082 : 0815.png - PSNR: 34.17 dB
23-02-09 13:55:10.627 : 0816.png - PSNR: 31.70 dB
23-02-09 13:55:11.225 : 0817.png - PSNR: 32.29 dB
23-02-09 13:55:11.868 : 0818.png - PSNR: 29.00 dB
23-02-09 13:55:12.443 : 0819.png - PSNR: 28.10 dB
23-02-09 13:55:13.119 : 0820.png - PSNR: 24.96 dB
23-02-09 13:55:13.712 : 0821.png - PSNR: 32.08 dB
23-02-09 13:55:14.406 : 0822.png - PSNR: 30.70 dB
23-02-09 13:55:14.995 : 0823.png - PSNR: 26.08 dB
23-02-09 13:55:15.583 : 0824.png - PSNR: 28.51 dB
23-02-09 13:55:16.161 : 0825.png - PSNR: 27.42 dB
23-02-09 13:55:16.766 : 0826.png - PSNR: 24.23 dB
23-02-09 13:55:17.401 : 0827.png - PSNR: 33.59 dB
23-02-09 13:55:17.972 : 0828.png - PSNR: 21.84 dB
23-02-09 13:55:18.570 : 0829.png - PSNR: 26.61 dB
23-02-09 13:55:18.941 : 0830.png - PSNR: 24.49 dB
23-02-09 13:55:19.463 : 0831.png - PSNR: 30.25 dB
23-02-09 13:55:20.023 : 0832.png - PSNR: 30.82 dB
23-02-09 13:55:20.632 : 0833.png - PSNR: 34.19 dB
23-02-09 13:55:21.142 : 0834.png - PSNR: 25.44 dB
23-02-09 13:55:21.802 : 0835.png - PSNR: 22.89 dB
23-02-09 13:55:22.423 : 0836.png - PSNR: 25.94 dB
23-02-09 13:55:22.997 : 0837.png - PSNR: 26.28 dB
23-02-09 13:55:23.585 : 0838.png - PSNR: 37.80 dB
23-02-09 13:55:24.041 : 0839.png - PSNR: 29.10 dB
23-02-09 13:55:24.569 : 0840.png - PSNR: 28.42 dB
23-02-09 13:55:25.150 : 0841.png - PSNR: 28.23 dB
23-02-09 13:55:25.705 : 0842.png - PSNR: 29.91 dB
23-02-09 13:55:26.209 : 0843.png - PSNR: 41.27 dB
23-02-09 13:55:26.689 : 0844.png - PSNR: 44.41 dB
23-02-09 13:55:27.223 : 0845.png - PSNR: 24.27 dB
23-02-09 13:55:27.786 : 0846.png - PSNR: 25.59 dB
23-02-09 13:55:28.375 : 0847.png - PSNR: 27.77 dB
23-02-09 13:55:29.008 : 0848.png - PSNR: 27.30 dB
23-02-09 13:55:29.608 : 0849.png - PSNR: 22.41 dB
23-02-09 13:55:30.185 : 0850.png - PSNR: 29.18 dB
23-02-09 13:55:30.739 : 0851.png - PSNR: 28.54 dB
23-02-09 13:55:31.214 : 0852.png - PSNR: 30.07 dB
23-02-09 13:55:31.743 : 0853.png - PSNR: 34.30 dB
23-02-09 13:55:32.210 : 0854.png - PSNR: 24.96 dB
23-02-09 13:55:32.991 : 0855.png - PSNR: 29.44 dB
23-02-09 13:55:33.842 : 0856.png - PSNR: 24.39 dB
23-02-09 13:55:34.401 : 0857.png - PSNR: 34.96 dB
23-02-09 13:55:34.974 : 0858.png - PSNR: 28.58 dB
23-02-09 13:55:35.520 : 0859.png - PSNR: 25.42 dB
23-02-09 13:55:36.152 : 0860.png - PSNR: 20.62 dB
23-02-09 13:55:36.739 : 0861.png - PSNR: 23.10 dB
23-02-09 13:55:37.271 : 0862.png - PSNR: 33.19 dB
23-02-09 13:55:37.827 : 0863.png - PSNR: 33.25 dB
23-02-09 13:55:38.354 : 0864.png - PSNR: 29.95 dB
23-02-09 13:55:38.946 : 0865.png - PSNR: 27.32 dB
23-02-09 13:55:39.492 : 0866.png - PSNR: 25.11 dB
23-02-09 13:55:40.053 : 0867.png - PSNR: 28.52 dB
23-02-09 13:55:40.555 : 0868.png - PSNR: 32.90 dB
23-02-09 13:55:41.058 : 0869.png - PSNR: 23.81 dB
23-02-09 13:55:41.682 : 0870.png - PSNR: 28.65 dB
23-02-09 13:55:42.226 : 0871.png - PSNR: 32.19 dB
23-02-09 13:55:42.794 : 0872.png - PSNR: 24.08 dB
23-02-09 13:55:43.358 : 0873.png - PSNR: 24.08 dB
23-02-09 13:55:43.908 : 0874.png - PSNR: 30.17 dB
23-02-09 13:55:44.529 : 0875.png - PSNR: 24.41 dB
23-02-09 13:55:45.116 : 0876.png - PSNR: 22.17 dB
23-02-09 13:55:45.604 : 0877.png - PSNR: 40.46 dB
23-02-09 13:55:46.242 : 0878.png - PSNR: 32.24 dB
23-02-09 13:55:46.995 : 0879.png - PSNR: 27.37 dB
23-02-09 13:55:47.549 : 0880.png - PSNR: 32.20 dB
23-02-09 13:55:48.028 : 0881.png - PSNR: 26.01 dB
23-02-09 13:55:48.613 : 0882.png - PSNR: 34.28 dB
23-02-09 13:55:49.184 : 0883.png - PSNR: 26.40 dB
23-02-09 13:55:49.738 : 0884.png - PSNR: 25.99 dB
23-02-09 13:55:50.305 : 0885.png - PSNR: 22.95 dB
23-02-09 13:55:50.851 : 0886.png - PSNR: 36.61 dB
23-02-09 13:55:51.403 : 0887.png - PSNR: 25.30 dB
23-02-09 13:55:51.951 : 0888.png - PSNR: 30.68 dB
23-02-09 13:55:52.529 : 0889.png - PSNR: 31.02 dB
23-02-09 13:55:53.083 : 0890.png - PSNR: 25.31 dB
23-02-09 13:55:53.746 : 0891.png - PSNR: 26.96 dB
23-02-09 13:55:54.306 : 0892.png - PSNR: 30.25 dB
23-02-09 13:55:54.839 : 0893.png - PSNR: 33.34 dB
23-02-09 13:55:55.393 : 0894.png - PSNR: 31.84 dB
23-02-09 13:55:55.934 : 0895.png - PSNR: 20.42 dB
23-02-09 13:55:56.472 : 0896.png - PSNR: 39.27 dB
23-02-09 13:55:57.013 : 0897.png - PSNR: 22.17 dB
23-02-09 13:55:57.565 : 0898.png - PSNR: 34.66 dB
23-02-09 13:55:58.119 : 0899.png - PSNR: 31.47 dB
23-02-09 13:55:58.601 : 0900.png - PSNR: 28.06 dB
23-02-09 13:55:58.678 :       Max Memery : 375.870 [M]
23-02-09 13:55:58.678 : ------> Average runtime of (valid) is : 101.244428 seconds
23-02-09 13:55:58.686 :     #Activations : 80.0452 [M]
23-02-09 13:55:58.686 :          #Conv2d : 39
23-02-09 13:55:58.704 :            FLOPs : 19.6953 [G]
23-02-09 13:55:58.705 :          #Params : 0.3172 [M]
23-02-09 13:59:02.157 : 04_RLFN
23-02-09 14:07:24.448 : 04_RLFN
23-02-09 14:07:28.585 : 0801.png - PSNR: 29.50 dB; SSIM: 0.8511.
23-02-09 14:07:31.870 : 0802.png - PSNR: 35.30 dB; SSIM: 0.9013.
23-02-09 14:07:35.551 : 0803.png - PSNR: 40.61 dB; SSIM: 0.9707.
23-02-09 14:07:38.301 : 0804.png - PSNR: 27.48 dB; SSIM: 0.7919.
23-02-09 14:07:41.919 : 0805.png - PSNR: 28.57 dB; SSIM: 0.7748.
23-02-09 14:07:45.090 : 0806.png - PSNR: 28.50 dB; SSIM: 0.8672.
23-02-09 14:07:47.672 : 0807.png - PSNR: 20.25 dB; SSIM: 0.5286.
23-02-09 14:07:50.779 : 0808.png - PSNR: 26.85 dB; SSIM: 0.8001.
23-02-09 14:07:53.905 : 0809.png - PSNR: 32.29 dB; SSIM: 0.8627.
23-02-09 14:07:57.513 : 0810.png - PSNR: 26.78 dB; SSIM: 0.7806.
23-02-09 14:08:00.680 : 0811.png - PSNR: 29.11 dB; SSIM: 0.7870.
23-02-09 14:08:04.317 : 0812.png - PSNR: 28.04 dB; SSIM: 0.8169.
23-02-09 14:08:07.679 : 0813.png - PSNR: 31.43 dB; SSIM: 0.8795.
23-02-09 14:08:10.810 : 0814.png - PSNR: 28.31 dB; SSIM: 0.8977.
23-02-09 14:08:13.923 : 0815.png - PSNR: 34.17 dB; SSIM: 0.9190.
23-02-09 14:08:17.080 : 0816.png - PSNR: 31.70 dB; SSIM: 0.8406.
23-02-09 14:08:20.684 : 0817.png - PSNR: 32.29 dB; SSIM: 0.8860.
23-02-09 14:08:24.338 : 0818.png - PSNR: 29.00 dB; SSIM: 0.9018.
23-02-09 14:08:27.497 : 0819.png - PSNR: 28.10 dB; SSIM: 0.8235.
23-02-09 14:08:30.638 : 0820.png - PSNR: 24.96 dB; SSIM: 0.8076.
23-02-09 14:08:33.785 : 0821.png - PSNR: 32.08 dB; SSIM: 0.9232.
23-02-09 14:08:37.578 : 0822.png - PSNR: 30.70 dB; SSIM: 0.8684.
23-02-09 14:08:40.587 : 0823.png - PSNR: 26.08 dB; SSIM: 0.8187.
23-02-09 14:08:43.734 : 0824.png - PSNR: 28.51 dB; SSIM: 0.8926.
23-02-09 14:08:46.872 : 0825.png - PSNR: 27.42 dB; SSIM: 0.8219.
23-02-09 14:08:50.479 : 0826.png - PSNR: 24.23 dB; SSIM: 0.7610.
23-02-09 14:08:54.128 : 0827.png - PSNR: 33.59 dB; SSIM: 0.8840.
23-02-09 14:08:57.252 : 0828.png - PSNR: 21.84 dB; SSIM: 0.9016.
23-02-09 14:09:00.421 : 0829.png - PSNR: 26.61 dB; SSIM: 0.5347.
23-02-09 14:09:02.328 : 0830.png - PSNR: 24.49 dB; SSIM: 0.7247.
23-02-09 14:09:05.479 : 0831.png - PSNR: 30.25 dB; SSIM: 0.8760.
23-02-09 14:09:08.655 : 0832.png - PSNR: 30.82 dB; SSIM: 0.8830.
23-02-09 14:09:12.335 : 0833.png - PSNR: 34.19 dB; SSIM: 0.9061.
23-02-09 14:09:15.577 : 0834.png - PSNR: 25.44 dB; SSIM: 0.7792.
23-02-09 14:09:19.427 : 0835.png - PSNR: 22.89 dB; SSIM: 0.5977.
23-02-09 14:09:23.081 : 0836.png - PSNR: 25.94 dB; SSIM: 0.7985.
23-02-09 14:09:26.270 : 0837.png - PSNR: 26.28 dB; SSIM: 0.8335.
23-02-09 14:09:29.435 : 0838.png - PSNR: 37.80 dB; SSIM: 0.9072.
23-02-09 14:09:32.505 : 0839.png - PSNR: 29.10 dB; SSIM: 0.8222.
23-02-09 14:09:35.635 : 0840.png - PSNR: 28.42 dB; SSIM: 0.8152.
23-02-09 14:09:38.769 : 0841.png - PSNR: 28.23 dB; SSIM: 0.8600.
23-02-09 14:09:41.919 : 0842.png - PSNR: 29.91 dB; SSIM: 0.8583.
23-02-09 14:09:45.023 : 0843.png - PSNR: 41.27 dB; SSIM: 0.9783.
23-02-09 14:09:48.096 : 0844.png - PSNR: 44.41 dB; SSIM: 0.9859.
23-02-09 14:09:51.205 : 0845.png - PSNR: 24.27 dB; SSIM: 0.7748.
23-02-09 14:09:54.332 : 0846.png - PSNR: 25.59 dB; SSIM: 0.8003.
23-02-09 14:09:57.480 : 0847.png - PSNR: 27.77 dB; SSIM: 0.8282.
23-02-09 14:10:01.122 : 0848.png - PSNR: 27.30 dB; SSIM: 0.7390.
23-02-09 14:10:04.282 : 0849.png - PSNR: 22.41 dB; SSIM: 0.7740.
23-02-09 14:10:07.436 : 0850.png - PSNR: 29.18 dB; SSIM: 0.8414.
23-02-09 14:10:10.528 : 0851.png - PSNR: 28.54 dB; SSIM: 0.8754.
23-02-09 14:10:13.138 : 0852.png - PSNR: 30.07 dB; SSIM: 0.8440.
23-02-09 14:10:16.249 : 0853.png - PSNR: 34.30 dB; SSIM: 0.9324.
23-02-09 14:10:18.705 : 0854.png - PSNR: 24.96 dB; SSIM: 0.7394.
23-02-09 14:10:23.515 : 0855.png - PSNR: 29.44 dB; SSIM: 0.7509.
23-02-09 14:10:26.680 : 0856.png - PSNR: 24.39 dB; SSIM: 0.7084.
23-02-09 14:10:29.992 : 0857.png - PSNR: 34.96 dB; SSIM: 0.7926.
23-02-09 14:10:33.210 : 0858.png - PSNR: 28.58 dB; SSIM: 0.7909.
23-02-09 14:10:36.451 : 0859.png - PSNR: 25.42 dB; SSIM: 0.6910.
23-02-09 14:10:40.190 : 0860.png - PSNR: 20.62 dB; SSIM: 0.6296.
23-02-09 14:10:43.372 : 0861.png - PSNR: 23.10 dB; SSIM: 0.7634.
23-02-09 14:10:46.498 : 0862.png - PSNR: 33.19 dB; SSIM: 0.8262.
23-02-09 14:10:50.016 : 0863.png - PSNR: 33.25 dB; SSIM: 0.8991.
23-02-09 14:10:53.175 : 0864.png - PSNR: 29.95 dB; SSIM: 0.7854.
23-02-09 14:10:56.790 : 0865.png - PSNR: 27.32 dB; SSIM: 0.7619.
23-02-09 14:10:59.953 : 0866.png - PSNR: 25.11 dB; SSIM: 0.8031.
23-02-09 14:11:03.084 : 0867.png - PSNR: 28.52 dB; SSIM: 0.8556.
23-02-09 14:11:06.205 : 0868.png - PSNR: 32.90 dB; SSIM: 0.9600.
23-02-09 14:11:09.309 : 0869.png - PSNR: 23.81 dB; SSIM: 0.7975.
23-02-09 14:11:12.996 : 0870.png - PSNR: 28.65 dB; SSIM: 0.8454.
23-02-09 14:11:16.151 : 0871.png - PSNR: 32.19 dB; SSIM: 0.9032.
23-02-09 14:11:19.322 : 0872.png - PSNR: 24.08 dB; SSIM: 0.6937.
23-02-09 14:11:22.480 : 0873.png - PSNR: 24.08 dB; SSIM: 0.7366.
23-02-09 14:11:25.595 : 0874.png - PSNR: 30.17 dB; SSIM: 0.7928.
23-02-09 14:11:29.239 : 0875.png - PSNR: 24.41 dB; SSIM: 0.6709.
23-02-09 14:11:32.455 : 0876.png - PSNR: 22.17 dB; SSIM: 0.5848.
23-02-09 14:11:35.092 : 0877.png - PSNR: 40.46 dB; SSIM: 0.9681.
23-02-09 14:11:39.286 : 0878.png - PSNR: 32.24 dB; SSIM: 0.8979.
23-02-09 14:11:43.790 : 0879.png - PSNR: 27.37 dB; SSIM: 0.8623.
23-02-09 14:11:47.079 : 0880.png - PSNR: 32.20 dB; SSIM: 0.9024.
23-02-09 14:11:50.224 : 0881.png - PSNR: 26.01 dB; SSIM: 0.7756.
23-02-09 14:11:53.463 : 0882.png - PSNR: 34.28 dB; SSIM: 0.9471.
23-02-09 14:11:56.734 : 0883.png - PSNR: 26.40 dB; SSIM: 0.7486.
23-02-09 14:11:59.919 : 0884.png - PSNR: 25.99 dB; SSIM: 0.7467.
23-02-09 14:12:03.100 : 0885.png - PSNR: 22.95 dB; SSIM: 0.5991.
23-02-09 14:12:06.319 : 0886.png - PSNR: 36.61 dB; SSIM: 0.9204.
23-02-09 14:12:09.443 : 0887.png - PSNR: 25.30 dB; SSIM: 0.7679.
23-02-09 14:12:12.550 : 0888.png - PSNR: 30.68 dB; SSIM: 0.8846.
23-02-09 14:12:15.693 : 0889.png - PSNR: 31.02 dB; SSIM: 0.9095.
23-02-09 14:12:18.850 : 0890.png - PSNR: 25.31 dB; SSIM: 0.7417.
23-02-09 14:12:22.688 : 0891.png - PSNR: 26.96 dB; SSIM: 0.8279.
23-02-09 14:12:25.710 : 0892.png - PSNR: 30.25 dB; SSIM: 0.9146.
23-02-09 14:12:28.879 : 0893.png - PSNR: 33.34 dB; SSIM: 0.8163.
23-02-09 14:12:32.040 : 0894.png - PSNR: 31.84 dB; SSIM: 0.8924.
23-02-09 14:12:35.023 : 0895.png - PSNR: 20.42 dB; SSIM: 0.5700.
23-02-09 14:12:38.176 : 0896.png - PSNR: 39.27 dB; SSIM: 0.9428.
23-02-09 14:12:41.315 : 0897.png - PSNR: 22.17 dB; SSIM: 0.6940.
23-02-09 14:12:44.466 : 0898.png - PSNR: 34.66 dB; SSIM: 0.9101.
23-02-09 14:12:47.623 : 0899.png - PSNR: 31.47 dB; SSIM: 0.9041.
23-02-09 14:12:50.277 : 0900.png - PSNR: 28.06 dB; SSIM: 0.8622.
23-02-09 14:12:50.355 :       Max Memery : 375.870 [M]
23-02-09 14:12:50.355 : ------> Average runtime of (valid) is : 55.577718 seconds
23-02-09 14:12:50.362 :     #Activations : 80.0452 [M]
23-02-09 14:12:50.362 :          #Conv2d : 39
23-02-09 14:12:50.380 :            FLOPs : 19.6953 [G]
23-02-09 14:12:50.381 :          #Params : 0.3172 [M]
23-02-09 14:45:30.063 : 00_RFDN_baseline
23-02-09 14:46:03.843 : 04_RLFN
23-02-09 14:47:47.722 : 04_RLFN
23-02-09 14:47:51.914 : 0801.png - PSNR: 29.50 dB; SSIM: 0.8511.
23-02-09 14:47:55.240 : 0802.png - PSNR: 35.30 dB; SSIM: 0.9013.
23-02-09 14:51:38.287 : 00_RFDN_baseline
23-02-09 14:51:55.322 : 00_RFDN_baseline
23-02-09 14:52:53.220 : 00_RFDN_baseline
23-02-09 15:09:48.398 : 00_RFDN_baseline
23-02-09 15:09:49.447 : woman.png - PSNR: 29.18 dB; SSIM: 0.9015.
23-02-09 15:09:49.451 :       Max Memery : 16.513 [M]
23-02-09 15:09:49.451 : ------> Average runtime of (valid) is : 884.147156 seconds
23-02-09 15:09:49.461 :     #Activations : 112.0342 [M]
23-02-09 15:09:49.462 :          #Conv2d : 64
23-02-09 15:09:49.502 :            FLOPs : 27.1026 [G]
23-02-09 15:09:49.502 :          #Params : 0.4334 [M]
23-02-09 15:10:32.083 : 04_RLFN
23-02-09 15:10:35.756 : 0900.png - PSNR: 28.06 dB; SSIM: 0.8622.
23-02-09 15:10:35.847 :       Max Memery : 213.750 [M]
23-02-09 15:10:35.847 : ------> Average runtime of (valid) is : 920.901611 seconds
23-02-09 15:10:35.854 :     #Activations : 80.0452 [M]
23-02-09 15:10:35.854 :          #Conv2d : 39
23-02-09 15:10:35.872 :            FLOPs : 19.6953 [G]
23-02-09 15:10:35.873 :          #Params : 0.3172 [M]
23-02-09 15:10:52.605 : 00_RFDN_baseline
23-02-09 15:10:53.633 : woman.png - PSNR: 29.18 dB; SSIM: 0.9015.
23-02-09 15:10:53.636 :       Max Memery : 16.513 [M]
23-02-09 15:10:53.636 : ------> Average runtime of (valid) is : 885.053467 seconds
23-02-09 15:10:53.646 :     #Activations : 112.0342 [M]
23-02-09 15:10:53.646 :          #Conv2d : 64
23-02-09 15:10:53.689 :            FLOPs : 27.1026 [G]
23-02-09 15:10:53.689 :          #Params : 0.4334 [M]
23-02-09 15:18:08.072 : 00_RFDN_baseline
23-02-09 15:18:09.106 : woman.png - PSNR: 29.18 dB; SSIM: 0.9015.
23-02-09 15:18:09.109 :       Max Memery : 16.513 [M]
23-02-09 15:18:09.110 : ------> Average runtime of (valid) is : 894.106628 seconds
23-02-09 15:18:09.120 :     #Activations : 112.0342 [M]
23-02-09 15:18:09.120 :          #Conv2d : 64
23-02-09 15:18:09.161 :            FLOPs : 27.1026 [G]
23-02-09 15:18:09.161 :          #Params : 0.4334 [M]
23-02-09 15:19:11.879 : 00_RFDN_baseline
23-02-09 15:19:12.901 : woman.png - PSNR: 29.18 dB; SSIM: 0.9015.
23-02-09 15:19:12.904 :       Max Memery : 16.513 [M]
23-02-09 15:19:12.904 : ------> Average runtime of (valid) is : 878.657532 seconds
23-02-09 15:19:12.914 :     #Activations : 112.0342 [M]
23-02-09 15:19:12.915 :          #Conv2d : 64
23-02-09 15:19:12.955 :            FLOPs : 27.1026 [G]
23-02-09 15:19:12.956 :          #Params : 0.4334 [M]
23-02-09 15:19:45.167 : 00_RFDN_baseline
23-02-09 15:19:46.178 : woman.png - PSNR: 29.18 dB; SSIM: 0.9015.
23-02-09 15:19:46.182 :       Max Memery : 16.513 [M]
23-02-09 15:19:46.182 : ------> Average runtime of (valid) is : 871.837463 seconds
23-02-09 15:19:46.192 :     #Activations : 112.0342 [M]
23-02-09 15:19:46.192 :          #Conv2d : 64
23-02-09 15:19:46.233 :            FLOPs : 27.1026 [G]
23-02-09 15:19:46.233 :          #Params : 0.4334 [M]
23-02-09 15:23:54.434 : 04_RLFN
23-02-09 15:23:55.437 : woman.png - PSNR: 29.29 dB; SSIM: 0.9021.
23-02-09 15:23:55.441 :       Max Memery : 8.284 [M]
23-02-09 15:23:55.441 : ------> Average runtime of (valid) is : 853.174255 seconds
23-02-09 15:23:55.448 :     #Activations : 80.0452 [M]
23-02-09 15:23:55.448 :          #Conv2d : 39
23-02-09 15:23:55.466 :            FLOPs : 19.6953 [G]
23-02-09 15:23:55.466 :          #Params : 0.3172 [M]
23-02-09 15:29:02.442 : 04_RLFN
23-02-09 15:29:03.465 : woman.png - PSNR: 29.29 dB; SSIM: 0.9021.
23-02-09 15:29:03.468 :       Max Memery : 8.284 [M]
23-02-09 15:29:03.468 : ------> Average runtime of (valid) is : 883.372314 seconds
23-02-09 15:29:03.476 :     #Activations : 80.0452 [M]
23-02-09 15:29:03.476 :          #Conv2d : 39
23-02-09 15:29:03.494 :            FLOPs : 19.6953 [G]
23-02-09 15:29:03.494 :          #Params : 0.3172 [M]
23-02-09 15:30:36.556 : 04_RLFN
23-02-09 15:30:37.891 : baby.png - PSNR: 32.23 dB; SSIM: 0.8686.
23-02-09 15:30:38.057 : bird.png - PSNR: 32.51 dB; SSIM: 0.9239.
23-02-09 15:30:38.186 : butterfly.png - PSNR: 27.11 dB; SSIM: 0.9038.
23-02-09 15:30:38.342 : head.png - PSNR: 29.89 dB; SSIM: 0.7195.
23-02-09 15:30:38.435 : woman.png - PSNR: 29.29 dB; SSIM: 0.9021.
23-02-09 15:30:38.448 :       Max Memery : 24.932 [M]
23-02-09 15:30:38.448 : ------> Average runtime of (valid) is : 183.455015 seconds
23-02-09 15:30:38.455 :     #Activations : 80.0452 [M]
23-02-09 15:30:38.455 :          #Conv2d : 39
23-02-09 15:30:38.472 :            FLOPs : 19.6953 [G]
23-02-09 15:30:38.473 :          #Params : 0.3172 [M]
23-02-09 15:33:10.579 : 04_RLFN
23-02-09 15:33:43.528 : 04_RLFN
23-02-09 15:34:55.521 : 04_RLFN
23-02-09 15:34:56.805 : baby.png - PSNR: 32.23 dB; SSIM: 0.8686.
23-02-09 15:34:56.931 : bird.png - PSNR: 32.51 dB; SSIM: 0.9239.
23-02-09 15:34:57.043 : butterfly.png - PSNR: 27.11 dB; SSIM: 0.9038.
23-02-09 15:34:57.163 : head.png - PSNR: 29.89 dB; SSIM: 0.7195.
23-02-09 15:34:57.251 : woman.png - PSNR: 29.29 dB; SSIM: 0.9021.
23-02-09 15:34:57.251 :       Max Memery : 24.932 [M]
23-02-09 15:34:57.252 : ------> Average runtime of (valid) is : 178.852194 seconds
23-02-09 15:34:57.259 :     #Activations : 80.0452 [M]
23-02-09 15:34:57.259 :          #Conv2d : 39
23-02-09 15:34:57.277 :            FLOPs : 19.6953 [G]
23-02-09 15:34:57.277 :          #Params : 0.3172 [M]
23-02-09 15:34:57.305 : 04_RLFN
23-02-09 15:37:09.155 : 04_RLFN
23-02-09 15:37:10.503 : baby.png - PSNR: 32.23 dB; SSIM: 0.8686.
23-02-09 15:37:10.621 : bird.png - PSNR: 32.51 dB; SSIM: 0.9239.
23-02-09 15:37:10.727 : butterfly.png - PSNR: 27.11 dB; SSIM: 0.9038.
23-02-09 15:37:10.843 : head.png - PSNR: 29.89 dB; SSIM: 0.7195.
23-02-09 15:37:10.922 : woman.png - PSNR: 29.29 dB; SSIM: 0.9021.
23-02-09 15:37:10.922 :       Max Memery : 24.932 [M]
23-02-09 15:37:10.922 : ------> Average runtime of (valid) is : 188.798006 seconds
23-02-09 15:37:10.929 :     #Activations : 80.0452 [M]
23-02-09 15:37:10.929 :          #Conv2d : 39
23-02-09 15:37:10.947 :            FLOPs : 19.6953 [G]
23-02-09 15:37:10.948 :          #Params : 0.3172 [M]
23-02-09 15:38:12.807 : 04_RLFN
23-02-09 15:38:14.604 : img_001.png - PSNR: 26.33 dB; SSIM: 0.7446.
23-02-09 15:38:15.579 : img_002.png - PSNR: 25.33 dB; SSIM: 0.7985.
23-02-09 15:38:16.390 : img_003.png - PSNR: 22.34 dB; SSIM: 0.6560.
23-02-09 15:38:17.239 : img_004.png - PSNR: 22.52 dB; SSIM: 0.8276.
23-02-09 15:38:18.201 : img_005.png - PSNR: 26.51 dB; SSIM: 0.9358.
23-02-09 15:38:19.513 : img_006.png - PSNR: 21.21 dB; SSIM: 0.6044.
23-02-09 15:38:20.388 : img_007.png - PSNR: 28.01 dB; SSIM: 0.8449.
23-02-09 15:38:21.097 : img_008.png - PSNR: 20.12 dB; SSIM: 0.6451.
23-02-09 15:38:22.104 : img_009.png - PSNR: 32.37 dB; SSIM: 0.9117.
23-02-09 15:38:23.130 : img_010.png - PSNR: 25.97 dB; SSIM: 0.8700.
23-02-09 15:38:23.852 : img_011.png - PSNR: 16.77 dB; SSIM: 0.7867.
23-02-09 15:38:24.843 : img_012.png - PSNR: 21.95 dB; SSIM: 0.7045.
23-02-09 15:38:53.116 : 04_RLFN
23-02-09 15:38:54.425 : baby.png - PSNR: 32.23 dB; SSIM: 0.8686.
23-02-09 15:38:54.549 : bird.png - PSNR: 32.51 dB; SSIM: 0.9239.
23-02-09 15:38:54.659 : butterfly.png - PSNR: 27.11 dB; SSIM: 0.9038.
23-02-09 15:38:54.779 : head.png - PSNR: 29.89 dB; SSIM: 0.7195.
23-02-09 15:38:54.863 : woman.png - PSNR: 29.29 dB; SSIM: 0.9021.
23-02-09 15:38:54.864 :       Max Memery : 24.932 [M]
23-02-09 15:38:54.864 : ------> Average runtime of (valid) is : 181.491928 seconds
23-02-09 15:38:54.871 :     #Activations : 80.0452 [M]
23-02-09 15:38:54.871 :          #Conv2d : 39
23-02-09 15:38:54.888 :            FLOPs : 19.6953 [G]
23-02-09 15:38:54.890 :          #Params : 0.3172 [M]
23-02-09 15:38:54.915 : 04_RLFN
23-02-09 15:39:17.406 : 04_RLFN
23-02-09 15:40:14.482 : 04_RLFN
23-02-09 15:40:15.672 : 101085.png - PSNR: 22.71 dB; SSIM: 0.5460.
23-02-09 15:40:15.877 : 101087.png - PSNR: 27.43 dB; SSIM: 0.7966.
23-02-09 15:40:16.073 : 102061.png - PSNR: 25.28 dB; SSIM: 0.7952.
23-02-09 15:40:16.280 : 103070.png - PSNR: 29.32 dB; SSIM: 0.8306.
23-02-09 15:40:16.473 : 105025.png - PSNR: 24.89 dB; SSIM: 0.6868.
23-02-09 15:40:16.688 : 106024.png - PSNR: 32.64 dB; SSIM: 0.8846.
23-02-09 15:40:16.881 : 108005.png - PSNR: 24.98 dB; SSIM: 0.7150.
23-02-09 15:40:17.077 : 108070.png - PSNR: 21.83 dB; SSIM: 0.5542.
23-02-09 15:40:17.267 : 108082.png - PSNR: 26.15 dB; SSIM: 0.7663.
23-02-09 15:40:17.471 : 109053.png - PSNR: 27.96 dB; SSIM: 0.7842.
23-02-09 15:40:17.663 : 119082.png - PSNR: 23.39 dB; SSIM: 0.7157.
23-02-09 15:40:17.864 : 12084.png - PSNR: 26.39 dB; SSIM: 0.7285.
23-02-09 15:40:18.047 : 123074.png - PSNR: 28.67 dB; SSIM: 0.7947.
23-02-09 15:40:18.249 : 126007.png - PSNR: 27.93 dB; SSIM: 0.8076.
23-02-09 15:40:18.434 : 130026.png - PSNR: 23.75 dB; SSIM: 0.6429.
23-02-09 15:40:18.634 : 134035.png - PSNR: 23.37 dB; SSIM: 0.7427.
23-02-09 15:40:18.827 : 14037.png - PSNR: 33.37 dB; SSIM: 0.8749.
23-02-09 15:40:19.019 : 143090.png - PSNR: 31.41 dB; SSIM: 0.8763.
23-02-09 15:40:19.216 : 145086.png - PSNR: 24.88 dB; SSIM: 0.7131.
23-02-09 15:40:19.416 : 147091.png - PSNR: 24.76 dB; SSIM: 0.7778.
23-02-09 15:40:19.605 : 148026.png - PSNR: 20.98 dB; SSIM: 0.6720.
23-02-09 15:40:19.811 : 148089.png - PSNR: 22.61 dB; SSIM: 0.6013.
23-02-09 15:40:20.012 : 156065.png - PSNR: 23.54 dB; SSIM: 0.5334.
23-02-09 15:40:20.200 : 157055.png - PSNR: 25.09 dB; SSIM: 0.7697.
23-02-09 15:40:20.394 : 159008.png - PSNR: 26.40 dB; SSIM: 0.8045.
23-02-09 15:40:20.583 : 160068.png - PSNR: 25.70 dB; SSIM: 0.8173.
23-02-09 15:40:20.789 : 16077.png - PSNR: 26.35 dB; SSIM: 0.7058.
23-02-09 15:40:20.973 : 163085.png - PSNR: 28.24 dB; SSIM: 0.7840.
23-02-09 15:40:21.166 : 167062.png - PSNR: 31.24 dB; SSIM: 0.8850.
23-02-09 15:40:21.356 : 167083.png - PSNR: 18.59 dB; SSIM: 0.4841.
23-02-09 15:40:21.537 : 170057.png - PSNR: 28.48 dB; SSIM: 0.7932.
23-02-09 15:40:21.752 : 175032.png - PSNR: 19.66 dB; SSIM: 0.4074.
23-02-09 15:40:21.953 : 175043.png - PSNR: 23.88 dB; SSIM: 0.6464.
23-02-09 15:40:22.145 : 182053.png - PSNR: 23.19 dB; SSIM: 0.7458.
23-02-09 15:40:22.348 : 189080.png - PSNR: 33.73 dB; SSIM: 0.8674.
23-02-09 15:40:22.556 : 19021.png - PSNR: 25.66 dB; SSIM: 0.7195.
23-02-09 15:40:22.737 : 196073.png - PSNR: 26.62 dB; SSIM: 0.4595.
23-02-09 15:40:22.951 : 197017.png - PSNR: 26.91 dB; SSIM: 0.6937.
23-02-09 15:40:23.134 : 208001.png - PSNR: 27.22 dB; SSIM: 0.7124.
23-02-09 15:40:23.320 : 210088.png - PSNR: 34.27 dB; SSIM: 0.9447.
23-02-09 15:40:23.526 : 21077.png - PSNR: 25.55 dB; SSIM: 0.7159.
23-02-09 15:40:23.719 : 216081.png - PSNR: 24.66 dB; SSIM: 0.6949.
23-02-09 15:40:23.901 : 219090.png - PSNR: 25.48 dB; SSIM: 0.7290.
23-02-09 15:40:24.086 : 220075.png - PSNR: 26.62 dB; SSIM: 0.8578.
23-02-09 15:40:24.276 : 223061.png - PSNR: 23.50 dB; SSIM: 0.6646.
23-02-09 15:40:24.487 : 227092.png - PSNR: 33.36 dB; SSIM: 0.8493.
23-02-09 15:40:24.689 : 229036.png - PSNR: 21.43 dB; SSIM: 0.5946.
23-02-09 15:40:24.882 : 236037.png - PSNR: 23.61 dB; SSIM: 0.6120.
23-02-09 15:40:25.075 : 24077.png - PSNR: 25.93 dB; SSIM: 0.8650.
23-02-09 15:40:25.256 : 241004.png - PSNR: 30.88 dB; SSIM: 0.8156.
23-02-09 15:40:25.443 : 241048.png - PSNR: 23.53 dB; SSIM: 0.5894.
23-02-09 15:40:25.625 : 253027.png - PSNR: 21.38 dB; SSIM: 0.6810.
23-02-09 15:40:25.818 : 253055.png - PSNR: 31.25 dB; SSIM: 0.8210.
23-02-09 15:40:26.011 : 260058.png - PSNR: 31.20 dB; SSIM: 0.7640.
23-02-09 15:40:26.196 : 271035.png - PSNR: 26.49 dB; SSIM: 0.7539.
23-02-09 15:40:26.404 : 285079.png - PSNR: 24.34 dB; SSIM: 0.6706.
23-02-09 15:40:26.588 : 291000.png - PSNR: 20.08 dB; SSIM: 0.4051.
23-02-09 15:40:26.768 : 295087.png - PSNR: 26.16 dB; SSIM: 0.7006.
23-02-09 15:40:26.954 : 296007.png - PSNR: 30.68 dB; SSIM: 0.7611.
23-02-09 15:40:27.149 : 296059.png - PSNR: 29.96 dB; SSIM: 0.7599.
23-02-09 15:40:27.331 : 299086.png - PSNR: 30.39 dB; SSIM: 0.7841.
23-02-09 15:40:27.525 : 300091.png - PSNR: 27.67 dB; SSIM: 0.7661.
23-02-09 15:40:27.719 : 302008.png - PSNR: 32.34 dB; SSIM: 0.9418.
23-02-09 15:40:27.922 : 304034.png - PSNR: 23.04 dB; SSIM: 0.6454.
23-02-09 15:40:28.114 : 304074.png - PSNR: 24.68 dB; SSIM: 0.5888.
23-02-09 15:40:28.318 : 306005.png - PSNR: 26.94 dB; SSIM: 0.7722.
23-02-09 15:40:28.537 : 3096.png - PSNR: 38.61 dB; SSIM: 0.9747.
23-02-09 15:40:28.735 : 33039.png - PSNR: 19.65 dB; SSIM: 0.5582.
23-02-09 15:40:28.916 : 351093.png - PSNR: 21.52 dB; SSIM: 0.6280.
23-02-09 15:40:29.100 : 361010.png - PSNR: 27.58 dB; SSIM: 0.7815.
23-02-09 15:40:29.283 : 37073.png - PSNR: 29.31 dB; SSIM: 0.7896.
23-02-09 15:40:29.492 : 376043.png - PSNR: 24.11 dB; SSIM: 0.5756.
23-02-09 15:40:29.680 : 38082.png - PSNR: 25.89 dB; SSIM: 0.5729.
23-02-09 15:40:29.874 : 38092.png - PSNR: 25.02 dB; SSIM: 0.6725.
23-02-09 15:40:30.072 : 385039.png - PSNR: 22.80 dB; SSIM: 0.6750.
23-02-09 15:40:30.266 : 41033.png - PSNR: 29.34 dB; SSIM: 0.7589.
23-02-09 15:40:30.480 : 41069.png - PSNR: 22.36 dB; SSIM: 0.4507.
23-02-09 15:40:30.672 : 42012.png - PSNR: 28.50 dB; SSIM: 0.7969.
23-02-09 15:40:30.866 : 42049.png - PSNR: 31.46 dB; SSIM: 0.9430.
23-02-09 15:40:31.063 : 43074.png - PSNR: 28.51 dB; SSIM: 0.7997.
23-02-09 15:40:31.256 : 45096.png - PSNR: 34.42 dB; SSIM: 0.9225.
23-02-09 15:40:31.443 : 54082.png - PSNR: 27.24 dB; SSIM: 0.6885.
23-02-09 15:40:31.676 : 55073.png - PSNR: 21.01 dB; SSIM: 0.4951.
23-02-09 15:40:31.863 : 58060.png - PSNR: 19.84 dB; SSIM: 0.5820.
23-02-09 15:40:32.063 : 62096.png - PSNR: 24.33 dB; SSIM: 0.7749.
23-02-09 15:40:32.254 : 65033.png - PSNR: 23.79 dB; SSIM: 0.5546.
23-02-09 15:40:32.447 : 66053.png - PSNR: 26.10 dB; SSIM: 0.6674.
23-02-09 15:40:32.644 : 69015.png - PSNR: 29.35 dB; SSIM: 0.7888.
23-02-09 15:40:32.835 : 69020.png - PSNR: 25.89 dB; SSIM: 0.5379.
23-02-09 15:40:33.024 : 69040.png - PSNR: 23.78 dB; SSIM: 0.6246.
23-02-09 15:40:33.206 : 76053.png - PSNR: 27.86 dB; SSIM: 0.6656.
23-02-09 15:40:33.402 : 78004.png - PSNR: 25.35 dB; SSIM: 0.7300.
23-02-09 15:40:33.583 : 8023.png - PSNR: 29.46 dB; SSIM: 0.8623.
23-02-09 15:40:33.764 : 85048.png - PSNR: 24.57 dB; SSIM: 0.6941.
23-02-09 15:40:33.953 : 86000.png - PSNR: 24.72 dB; SSIM: 0.7753.
23-02-09 15:40:34.134 : 86016.png - PSNR: 20.59 dB; SSIM: 0.2895.
23-02-09 15:40:34.318 : 86068.png - PSNR: 25.72 dB; SSIM: 0.5213.
23-02-09 15:40:34.502 : 87046.png - PSNR: 24.88 dB; SSIM: 0.7585.
23-02-09 15:40:34.686 : 89072.png - PSNR: 25.57 dB; SSIM: 0.7075.
23-02-09 15:40:34.869 : 97033.png - PSNR: 23.84 dB; SSIM: 0.7044.
23-02-09 15:40:34.869 :       Max Memery : 16.720 [M]
23-02-09 15:40:34.869 : ------> Average runtime of (valid) is : 12.565419 seconds
23-02-09 15:40:34.877 :     #Activations : 80.0452 [M]
23-02-09 15:40:34.877 :          #Conv2d : 39
23-02-09 15:40:34.895 :            FLOPs : 19.6953 [G]
23-02-09 15:40:34.895 :          #Params : 0.3172 [M]
23-02-09 15:40:34.923 : 04_RLFN
23-02-09 15:40:35.792 : img_001.png - PSNR: 26.33 dB; SSIM: 0.7446.
23-02-09 15:40:36.850 : img_002.png - PSNR: 25.33 dB; SSIM: 0.7985.
23-02-09 15:40:37.760 : img_003.png - PSNR: 22.34 dB; SSIM: 0.6560.
23-02-09 15:40:38.644 : img_004.png - PSNR: 22.52 dB; SSIM: 0.8276.
23-02-09 15:40:39.697 : img_005.png - PSNR: 26.51 dB; SSIM: 0.9358.
23-02-09 15:40:41.037 : img_006.png - PSNR: 21.21 dB; SSIM: 0.6044.
23-02-09 15:40:41.877 : img_007.png - PSNR: 28.01 dB; SSIM: 0.8449.
23-02-09 15:40:42.600 : img_008.png - PSNR: 20.12 dB; SSIM: 0.6451.
23-02-09 15:40:43.616 : img_009.png - PSNR: 32.37 dB; SSIM: 0.9117.
23-02-09 15:40:44.645 : img_010.png - PSNR: 25.97 dB; SSIM: 0.8700.
23-02-09 15:40:45.403 : img_011.png - PSNR: 16.77 dB; SSIM: 0.7867.
23-02-09 15:40:46.411 : img_012.png - PSNR: 21.95 dB; SSIM: 0.7045.
23-02-09 15:40:47.405 : img_013.png - PSNR: 28.26 dB; SSIM: 0.7975.
23-02-09 15:40:48.739 : img_014.png - PSNR: 21.16 dB; SSIM: 0.6754.
23-02-09 15:40:49.775 : img_015.png - PSNR: 24.80 dB; SSIM: 0.6965.
23-02-09 15:40:51.095 : img_016.png - PSNR: 28.94 dB; SSIM: 0.8992.
23-02-09 15:40:51.967 : img_017.png - PSNR: 24.27 dB; SSIM: 0.8123.
23-02-09 15:40:52.983 : img_018.png - PSNR: 24.60 dB; SSIM: 0.6745.
23-02-09 15:40:53.871 : img_019.png - PSNR: 20.64 dB; SSIM: 0.7626.
23-02-09 15:40:55.383 : img_020.png - PSNR: 20.84 dB; SSIM: 0.7037.
23-02-09 15:40:56.578 : img_021.png - PSNR: 28.34 dB; SSIM: 0.7632.
23-02-09 15:40:57.443 : img_022.png - PSNR: 24.75 dB; SSIM: 0.7378.
23-02-09 15:40:58.736 : img_023.png - PSNR: 28.60 dB; SSIM: 0.8987.
23-02-09 15:40:59.623 : img_024.png - PSNR: 19.16 dB; SSIM: 0.6545.
23-02-09 15:41:00.659 : img_025.png - PSNR: 30.70 dB; SSIM: 0.8795.
23-02-09 15:41:01.741 : img_026.png - PSNR: 26.85 dB; SSIM: 0.6625.
23-02-09 15:41:02.880 : img_027.png - PSNR: 27.15 dB; SSIM: 0.7794.
23-02-09 15:41:03.762 : img_028.png - PSNR: 30.02 dB; SSIM: 0.8584.
23-02-09 15:41:04.610 : img_029.png - PSNR: 25.86 dB; SSIM: 0.8517.
23-02-09 15:41:05.475 : img_030.png - PSNR: 22.67 dB; SSIM: 0.7786.
23-02-09 15:41:06.357 : img_031.png - PSNR: 22.71 dB; SSIM: 0.7707.
23-02-09 15:41:07.219 : img_032.png - PSNR: 27.39 dB; SSIM: 0.8297.
23-02-09 15:41:08.078 : img_033.png - PSNR: 25.51 dB; SSIM: 0.7759.
23-02-09 15:41:08.936 : img_034.png - PSNR: 21.19 dB; SSIM: 0.5785.
23-02-09 15:41:09.800 : img_035.png - PSNR: 27.76 dB; SSIM: 0.8551.
23-02-09 15:41:10.685 : img_036.png - PSNR: 27.70 dB; SSIM: 0.8770.
23-02-09 15:41:11.630 : img_037.png - PSNR: 25.14 dB; SSIM: 0.7789.
23-02-09 15:41:12.681 : img_038.png - PSNR: 25.51 dB; SSIM: 0.6309.
23-02-09 15:41:13.782 : img_039.png - PSNR: 21.79 dB; SSIM: 0.7305.
23-02-09 15:41:14.611 : img_040.png - PSNR: 26.42 dB; SSIM: 0.9381.
23-02-09 15:41:15.489 : img_041.png - PSNR: 24.63 dB; SSIM: 0.8653.
23-02-09 15:41:16.380 : img_042.png - PSNR: 27.49 dB; SSIM: 0.8780.
23-02-09 15:41:17.273 : img_043.png - PSNR: 30.78 dB; SSIM: 0.9132.
23-02-09 15:41:18.187 : img_044.png - PSNR: 29.94 dB; SSIM: 0.8419.
23-02-09 15:41:19.210 : img_045.png - PSNR: 23.11 dB; SSIM: 0.7187.
23-02-09 15:41:20.100 : img_046.png - PSNR: 22.32 dB; SSIM: 0.7538.
23-02-09 15:41:20.901 : img_047.png - PSNR: 20.45 dB; SSIM: 0.7550.
23-02-09 15:41:21.781 : img_048.png - PSNR: 18.81 dB; SSIM: 0.7916.
23-02-09 15:41:22.636 : img_049.png - PSNR: 21.92 dB; SSIM: 0.7296.
23-02-09 15:41:23.530 : img_050.png - PSNR: 23.90 dB; SSIM: 0.7576.
23-02-09 15:41:24.421 : img_051.png - PSNR: 25.95 dB; SSIM: 0.8275.
23-02-09 15:41:25.296 : img_052.png - PSNR: 27.59 dB; SSIM: 0.8962.
23-02-09 15:41:26.157 : img_053.png - PSNR: 21.19 dB; SSIM: 0.7177.
23-02-09 15:41:27.072 : img_054.png - PSNR: 19.76 dB; SSIM: 0.6350.
23-02-09 15:41:28.094 : img_055.png - PSNR: 31.04 dB; SSIM: 0.9164.
23-02-09 15:41:29.119 : img_056.png - PSNR: 23.68 dB; SSIM: 0.7665.
23-02-09 15:41:30.034 : img_057.png - PSNR: 29.52 dB; SSIM: 0.8780.
23-02-09 15:41:30.996 : img_058.png - PSNR: 24.36 dB; SSIM: 0.8431.
23-02-09 15:41:31.920 : img_059.png - PSNR: 20.76 dB; SSIM: 0.7461.
23-02-09 15:41:32.845 : img_060.png - PSNR: 21.24 dB; SSIM: 0.5585.
23-02-09 15:41:33.747 : img_061.png - PSNR: 23.10 dB; SSIM: 0.7358.
23-02-09 15:41:34.658 : img_062.png - PSNR: 20.18 dB; SSIM: 0.7853.
23-02-09 15:41:35.920 : img_063.png - PSNR: 21.25 dB; SSIM: 0.5845.
23-02-09 15:41:36.833 : img_064.png - PSNR: 25.28 dB; SSIM: 0.7666.
23-02-09 15:41:37.715 : img_065.png - PSNR: 23.79 dB; SSIM: 0.7047.
23-02-09 15:41:38.859 : img_066.png - PSNR: 20.94 dB; SSIM: 0.6220.
23-02-09 15:41:39.752 : img_067.png - PSNR: 18.25 dB; SSIM: 0.8495.
23-02-09 15:41:41.135 : img_068.png - PSNR: 29.23 dB; SSIM: 0.8779.
23-02-09 15:41:42.351 : img_069.png - PSNR: 23.50 dB; SSIM: 0.7367.
23-02-09 15:41:43.398 : img_070.png - PSNR: 20.85 dB; SSIM: 0.5778.
23-02-09 15:41:44.431 : img_071.png - PSNR: 26.75 dB; SSIM: 0.6347.
23-02-09 15:41:45.299 : img_072.png - PSNR: 19.12 dB; SSIM: 0.8220.
23-02-09 15:41:46.354 : img_073.png - PSNR: 19.19 dB; SSIM: 0.5561.
23-02-09 15:41:47.239 : img_074.png - PSNR: 22.36 dB; SSIM: 0.6970.
23-02-09 15:41:48.161 : img_075.png - PSNR: 30.03 dB; SSIM: 0.8681.
23-02-09 15:41:49.076 : img_076.png - PSNR: 21.26 dB; SSIM: 0.7062.
23-02-09 15:41:49.965 : img_077.png - PSNR: 21.33 dB; SSIM: 0.6589.
23-02-09 15:41:50.922 : img_078.png - PSNR: 25.99 dB; SSIM: 0.7384.
23-02-09 15:41:51.999 : img_079.png - PSNR: 23.99 dB; SSIM: 0.6703.
23-02-09 15:41:53.135 : img_080.png - PSNR: 34.06 dB; SSIM: 0.9396.
23-02-09 15:41:54.523 : img_081.png - PSNR: 34.57 dB; SSIM: 0.9433.
23-02-09 15:41:55.955 : img_082.png - PSNR: 31.43 dB; SSIM: 0.9243.
23-02-09 15:41:57.299 : img_083.png - PSNR: 21.04 dB; SSIM: 0.6836.
23-02-09 15:41:58.669 : img_084.png - PSNR: 27.22 dB; SSIM: 0.7865.
23-02-09 15:41:59.568 : img_085.png - PSNR: 26.78 dB; SSIM: 0.8903.
23-02-09 15:42:00.621 : img_086.png - PSNR: 29.02 dB; SSIM: 0.8726.
23-02-09 15:42:02.005 : img_087.png - PSNR: 26.63 dB; SSIM: 0.8680.
23-02-09 15:42:02.901 : img_088.png - PSNR: 18.60 dB; SSIM: 0.5540.
23-02-09 15:42:03.963 : img_089.png - PSNR: 25.48 dB; SSIM: 0.7027.
23-02-09 15:42:04.826 : img_090.png - PSNR: 36.85 dB; SSIM: 0.9674.
23-02-09 15:42:05.726 : img_091.png - PSNR: 22.00 dB; SSIM: 0.6343.
23-02-09 15:42:06.623 : img_092.png - PSNR: 17.50 dB; SSIM: 0.6315.
23-02-09 15:42:07.632 : img_093.png - PSNR: 28.16 dB; SSIM: 0.9168.
23-02-09 15:42:08.651 : img_094.png - PSNR: 25.86 dB; SSIM: 0.7507.
23-02-09 15:42:09.669 : img_095.png - PSNR: 18.85 dB; SSIM: 0.4229.
23-02-09 15:42:10.706 : img_096.png - PSNR: 24.09 dB; SSIM: 0.8548.
23-02-09 15:42:11.572 : img_097.png - PSNR: 23.42 dB; SSIM: 0.7431.
23-02-09 15:42:12.460 : img_098.png - PSNR: 19.30 dB; SSIM: 0.5083.
23-02-09 15:42:13.519 : img_099.png - PSNR: 23.27 dB; SSIM: 0.7338.
23-02-09 15:42:14.848 : img_100.png - PSNR: 22.32 dB; SSIM: 0.6833.
23-02-09 15:42:14.849 :       Max Memery : 113.691 [M]
23-02-09 15:42:14.849 : ------> Average runtime of (valid) is : 13.163781 seconds
23-02-09 15:42:14.854 :     #Activations : 80.0452 [M]
23-02-09 15:42:14.854 :          #Conv2d : 39
23-02-09 15:42:14.873 :            FLOPs : 19.6953 [G]
23-02-09 15:42:14.873 :          #Params : 0.3172 [M]
23-02-09 15:42:14.899 : 04_RLFN
23-02-09 15:42:16.165 : ARMS.png - PSNR: 26.52 dB; SSIM: 0.7806.
23-02-09 15:42:17.369 : AisazuNihaIrarenai.png - PSNR: 28.61 dB; SSIM: 0.7726.
23-02-09 15:42:18.569 : AkkeraKanjinchou.png - PSNR: 26.55 dB; SSIM: 0.8132.
23-02-09 15:42:19.765 : Akuhamu.png - PSNR: 34.16 dB; SSIM: 0.9259.
23-02-09 15:42:20.993 : AosugiruHaru.png - PSNR: 34.85 dB; SSIM: 0.9478.
23-02-09 15:42:22.207 : AppareKappore.png - PSNR: 28.18 dB; SSIM: 0.8815.
23-02-09 15:42:23.406 : Arisa.png - PSNR: 30.86 dB; SSIM: 0.9265.
23-02-09 15:42:24.617 : BEMADER_P.png - PSNR: 25.52 dB; SSIM: 0.8655.
23-02-09 15:42:25.803 : BakuretsuKungFuGirl.png - PSNR: 28.68 dB; SSIM: 0.8907.
23-02-09 15:42:26.992 : Belmondo.png - PSNR: 28.03 dB; SSIM: 0.8647.
23-02-09 15:42:28.190 : BokuHaSitatakaKun.png - PSNR: 27.83 dB; SSIM: 0.9212.
23-02-09 15:42:29.406 : BurariTessenTorimonocho.png - PSNR: 26.28 dB; SSIM: 0.8348.
23-02-09 15:42:30.612 : ByebyeC-BOY.png - PSNR: 30.68 dB; SSIM: 0.9224.
23-02-09 15:42:31.819 : Count3DeKimeteAgeru.png - PSNR: 30.22 dB; SSIM: 0.8655.
23-02-09 15:42:33.044 : DollGun.png - PSNR: 26.88 dB; SSIM: 0.8892.
23-02-09 15:42:34.247 : Donburakokko.png - PSNR: 25.71 dB; SSIM: 0.8734.
23-02-09 15:42:35.469 : DualJustice.png - PSNR: 29.17 dB; SSIM: 0.9430.
23-02-09 15:42:36.660 : EienNoWith.png - PSNR: 32.91 dB; SSIM: 0.9681.
23-02-09 15:42:37.893 : EvaLady.png - PSNR: 29.45 dB; SSIM: 0.8799.
23-02-09 15:42:39.086 : EverydayOsakanaChan.png - PSNR: 31.11 dB; SSIM: 0.9655.
23-02-09 15:42:40.287 : GOOD_KISS_Ver2.png - PSNR: 29.77 dB; SSIM: 0.8994.
23-02-09 15:42:41.475 : GakuenNoise.png - PSNR: 28.82 dB; SSIM: 0.8820.
23-02-09 15:42:42.633 : GarakutayaManta.png - PSNR: 28.68 dB; SSIM: 0.8831.
23-02-09 15:42:43.791 : GinNoChimera.png - PSNR: 34.94 dB; SSIM: 0.9526.
23-02-09 15:42:44.948 : Hamlet.png - PSNR: 27.43 dB; SSIM: 0.9438.
23-02-09 15:42:46.111 : HanzaiKousyouninMinegishiEitarou.png - PSNR: 29.43 dB; SSIM: 0.9159.
23-02-09 15:42:47.275 : HaruichibanNoFukukoro.png - PSNR: 35.32 dB; SSIM: 0.9541.
23-02-09 15:42:48.430 : HarukaRefrain.png - PSNR: 30.07 dB; SSIM: 0.9092.
23-02-09 15:42:49.628 : HealingPlanet.png - PSNR: 31.44 dB; SSIM: 0.9345.
23-02-09 15:42:50.829 : HeiseiJimen.png - PSNR: 29.54 dB; SSIM: 0.9151.
23-02-09 15:42:51.991 : HighschoolKimengumi_vol01.png - PSNR: 25.25 dB; SSIM: 0.9064.
23-02-09 15:42:53.181 : HighschoolKimengumi_vol20.png - PSNR: 25.28 dB; SSIM: 0.8949.
23-02-09 15:42:54.489 : HinagikuKenzan.png - PSNR: 30.58 dB; SSIM: 0.8690.
23-02-09 15:42:55.698 : HisokaReturns.png - PSNR: 27.00 dB; SSIM: 0.7033.
23-02-09 15:42:56.868 : JangiriPonpon.png - PSNR: 25.01 dB; SSIM: 0.8371.
23-02-09 15:42:58.026 : JijiBabaFight.png - PSNR: 29.67 dB; SSIM: 0.8777.
23-02-09 15:42:59.224 : Joouari.png - PSNR: 25.90 dB; SSIM: 0.8302.
23-02-09 15:43:00.381 : Jyovolley.png - PSNR: 33.01 dB; SSIM: 0.9557.
23-02-09 15:43:01.566 : KarappoHighschool.png - PSNR: 32.79 dB; SSIM: 0.9414.
23-02-09 15:43:02.766 : KimiHaBokuNoTaiyouDa.png - PSNR: 26.15 dB; SSIM: 0.8229.
23-02-09 15:43:03.972 : KoukouNoHitotachi.png - PSNR: 28.72 dB; SSIM: 0.8178.
23-02-09 15:43:05.175 : KuroidoGanka.png - PSNR: 30.78 dB; SSIM: 0.8851.
23-02-09 15:43:06.369 : KyokugenCyclone.png - PSNR: 19.40 dB; SSIM: 0.7052.
23-02-09 15:43:07.552 : LancelotFullThrottle.png - PSNR: 33.05 dB; SSIM: 0.9541.
23-02-09 15:43:08.733 : LoveHina_vol01.png - PSNR: 23.87 dB; SSIM: 0.9084.
23-02-09 15:43:09.956 : LoveHina_vol14.png - PSNR: 26.06 dB; SSIM: 0.8774.
23-02-09 15:43:11.234 : MAD_STONE.png - PSNR: 32.03 dB; SSIM: 0.9225.
23-02-09 15:43:12.493 : MadouTaiga.png - PSNR: 25.33 dB; SSIM: 0.8162.
23-02-09 15:43:13.701 : MagicStarGakuin.png - PSNR: 26.89 dB; SSIM: 0.8823.
23-02-09 15:43:14.890 : MagicianLoad.png - PSNR: 25.27 dB; SSIM: 0.7231.
23-02-09 15:43:16.095 : MariaSamaNihaNaisyo.png - PSNR: 28.74 dB; SSIM: 0.9218.
23-02-09 15:43:17.296 : MayaNoAkaiKutsu.png - PSNR: 31.39 dB; SSIM: 0.9245.
23-02-09 15:43:18.496 : MemorySeijin.png - PSNR: 34.72 dB; SSIM: 0.8774.
23-02-09 15:43:19.726 : MeteoSanStrikeDesu.png - PSNR: 33.04 dB; SSIM: 0.9426.
23-02-09 15:43:20.946 : MiraiSan.png - PSNR: 21.23 dB; SSIM: 0.6702.
23-02-09 15:43:22.131 : MisutenaideDaisy.png - PSNR: 31.50 dB; SSIM: 0.9543.
23-02-09 15:43:23.343 : MoeruOnisan_vol01.png - PSNR: 29.38 dB; SSIM: 0.9117.
23-02-09 15:43:24.550 : MoeruOnisan_vol19.png - PSNR: 29.69 dB; SSIM: 0.9118.
23-02-09 15:43:25.769 : MomoyamaHaikagura.png - PSNR: 22.24 dB; SSIM: 0.7497.
23-02-09 15:43:26.977 : MukoukizuNoChonbo.png - PSNR: 31.62 dB; SSIM: 0.9537.
23-02-09 15:43:28.167 : MutekiBoukenSyakuma.png - PSNR: 29.79 dB; SSIM: 0.9120.
23-02-09 15:43:29.388 : Nekodama.png - PSNR: 29.11 dB; SSIM: 0.9248.
23-02-09 15:43:30.578 : NichijouSoup.png - PSNR: 32.86 dB; SSIM: 0.9482.
23-02-09 15:43:31.792 : Ningyoushi.png - PSNR: 32.19 dB; SSIM: 0.9055.
23-02-09 15:43:32.995 : OL_Lunch.png - PSNR: 23.61 dB; SSIM: 0.9048.
23-02-09 15:43:34.191 : OhWareraRettouSeitokai.png - PSNR: 30.02 dB; SSIM: 0.9097.
23-02-09 15:43:35.408 : PLANET7.png - PSNR: 30.95 dB; SSIM: 0.8972.
23-02-09 15:43:36.615 : ParaisoRoad.png - PSNR: 29.43 dB; SSIM: 0.9096.
23-02-09 15:43:37.794 : PikaruGenkiDesu.png - PSNR: 26.71 dB; SSIM: 0.8990.
23-02-09 15:43:38.998 : PlatinumJungle.png - PSNR: 29.02 dB; SSIM: 0.9098.
23-02-09 15:43:39.969 : PrayerHaNemurenai.png - PSNR: 26.25 dB; SSIM: 0.6819.
23-02-09 15:43:41.204 : PrismHeart.png - PSNR: 33.03 dB; SSIM: 0.9360.
23-02-09 15:43:42.422 : PsychoStaff.png - PSNR: 32.04 dB; SSIM: 0.9316.
23-02-09 15:43:43.628 : Raphael.png - PSNR: 26.37 dB; SSIM: 0.8572.
23-02-09 15:43:44.847 : ReveryEarth.png - PSNR: 27.97 dB; SSIM: 0.8658.
23-02-09 15:43:46.043 : RinToSiteSippuNoNaka.png - PSNR: 28.94 dB; SSIM: 0.9064.
23-02-09 15:43:47.282 : RisingGirl.png - PSNR: 27.45 dB; SSIM: 0.8424.
23-02-09 15:43:48.495 : Saisoku.png - PSNR: 25.75 dB; SSIM: 0.7560.
23-02-09 15:43:49.713 : SaladDays_vol01.png - PSNR: 29.13 dB; SSIM: 0.9125.
23-02-09 15:43:50.893 : SaladDays_vol18.png - PSNR: 29.38 dB; SSIM: 0.9250.
23-02-09 15:43:52.100 : SamayoeruSyonenNiJunaiWo.png - PSNR: 28.20 dB; SSIM: 0.8468.
23-02-09 15:43:53.318 : SeisinkiVulnus.png - PSNR: 30.12 dB; SSIM: 0.8727.
23-02-09 15:43:54.505 : ShimatteIkouze_vol01.png - PSNR: 29.44 dB; SSIM: 0.9285.
23-02-09 15:43:55.721 : ShimatteIkouze_vol26.png - PSNR: 25.94 dB; SSIM: 0.9150.
23-02-09 15:43:56.930 : SonokiDeABC.png - PSNR: 30.21 dB; SSIM: 0.8998.
23-02-09 15:43:58.146 : SyabondamaKieta.png - PSNR: 26.75 dB; SSIM: 0.8454.
23-02-09 15:43:59.345 : TaiyouNiSmash.png - PSNR: 32.88 dB; SSIM: 0.9276.
23-02-09 15:44:00.557 : TapkunNoTanteisitsu.png - PSNR: 31.91 dB; SSIM: 0.9399.
23-02-09 15:44:01.772 : TasogareTsushin.png - PSNR: 28.56 dB; SSIM: 0.8994.
23-02-09 15:44:02.987 : TennenSenshiG.png - PSNR: 23.55 dB; SSIM: 0.8104.
23-02-09 15:44:04.210 : TensiNoHaneToAkumaNoShippo.png - PSNR: 27.02 dB; SSIM: 0.8899.
23-02-09 15:44:05.391 : TetsuSan.png - PSNR: 25.93 dB; SSIM: 0.9326.
23-02-09 15:44:06.576 : ThatsIzumiko_000.png - PSNR: 19.03 dB; SSIM: 0.6925.
23-02-09 15:44:07.763 : TotteokiNoABC.png - PSNR: 31.13 dB; SSIM: 0.9222.
23-02-09 15:44:08.967 : ToutaMairimasu.png - PSNR: 24.88 dB; SSIM: 0.8463.
23-02-09 15:44:10.161 : TouyouKidan.png - PSNR: 27.84 dB; SSIM: 0.8612.
23-02-09 15:44:11.357 : TsubasaNoKioku.png - PSNR: 30.50 dB; SSIM: 0.8272.
23-02-09 15:44:12.544 : UchiNoNyansDiary_000.png - PSNR: 27.76 dB; SSIM: 0.9531.
23-02-09 15:44:13.768 : UchuKigekiM774.png - PSNR: 24.22 dB; SSIM: 0.7179.
23-02-09 15:44:14.997 : UltraEleven.png - PSNR: 21.98 dB; SSIM: 0.8499.
23-02-09 15:44:16.211 : UnbalanceTokyo.png - PSNR: 25.71 dB; SSIM: 0.8768.
23-02-09 15:44:17.410 : WarewareHaOniDearu.png - PSNR: 19.87 dB; SSIM: 0.7116.
23-02-09 15:44:18.631 : YamatoNoHane.png - PSNR: 33.97 dB; SSIM: 0.9501.
23-02-09 15:44:19.849 : YasasiiAkuma.png - PSNR: 27.49 dB; SSIM: 0.8838.
23-02-09 15:44:21.053 : YouchienBoueigumi.png - PSNR: 31.51 dB; SSIM: 0.9393.
23-02-09 15:44:22.277 : YoumaKourin.png - PSNR: 27.50 dB; SSIM: 0.8591.
23-02-09 15:44:23.464 : YukiNoFuruMachi.png - PSNR: 33.89 dB; SSIM: 0.9035.
23-02-09 15:44:24.659 : YumeNoKayoiji.png - PSNR: 29.62 dB; SSIM: 0.8245.
23-02-09 15:44:25.869 : YumeiroCooking.png - PSNR: 25.46 dB; SSIM: 0.8749.
23-02-09 15:44:25.869 :       Max Memery : 113.691 [M]
23-02-09 15:44:25.869 : ------> Average runtime of (valid) is : 15.949416 seconds
23-02-09 15:44:25.874 :     #Activations : 80.0452 [M]
23-02-09 15:44:25.874 :          #Conv2d : 39
23-02-09 15:44:25.893 :            FLOPs : 19.6953 [G]
23-02-09 15:44:25.893 :          #Params : 0.3172 [M]
23-02-20 12:41:23.353 : 04_RLFN
23-02-20 12:41:28.388 : 0801.png - PSNR: 29.50 dB; SSIM: 0.8511.
23-02-20 12:41:31.481 : 0802.png - PSNR: 35.30 dB; SSIM: 0.9013.
23-02-20 12:41:35.049 : 0803.png - PSNR: 40.61 dB; SSIM: 0.9707.
23-02-20 12:41:37.712 : 0804.png - PSNR: 27.48 dB; SSIM: 0.7919.
23-02-20 12:41:41.208 : 0805.png - PSNR: 28.57 dB; SSIM: 0.7748.
23-02-20 12:41:44.403 : 0806.png - PSNR: 28.50 dB; SSIM: 0.8672.
23-02-20 12:41:47.006 : 0807.png - PSNR: 20.25 dB; SSIM: 0.5286.
23-02-20 12:41:50.076 : 0808.png - PSNR: 26.85 dB; SSIM: 0.8001.
23-02-20 12:41:53.349 : 0809.png - PSNR: 32.29 dB; SSIM: 0.8627.
23-02-20 12:41:57.141 : 0810.png - PSNR: 26.78 dB; SSIM: 0.7806.
23-02-20 12:42:00.313 : 0811.png - PSNR: 29.11 dB; SSIM: 0.7870.
23-02-20 12:42:03.907 : 0812.png - PSNR: 28.04 dB; SSIM: 0.8169.
23-02-20 12:42:07.283 : 0813.png - PSNR: 31.43 dB; SSIM: 0.8795.
23-02-20 12:42:10.409 : 0814.png - PSNR: 28.31 dB; SSIM: 0.8977.
23-02-20 12:42:13.505 : 0815.png - PSNR: 34.17 dB; SSIM: 0.9190.
23-02-20 12:42:16.616 : 0816.png - PSNR: 31.70 dB; SSIM: 0.8406.
23-02-20 12:42:20.266 : 0817.png - PSNR: 32.29 dB; SSIM: 0.8860.
23-02-20 12:42:24.037 : 0818.png - PSNR: 29.00 dB; SSIM: 0.9018.
23-02-20 12:42:27.300 : 0819.png - PSNR: 28.10 dB; SSIM: 0.8235.
23-02-20 12:42:30.477 : 0820.png - PSNR: 24.96 dB; SSIM: 0.8076.
23-02-20 12:42:33.613 : 0821.png - PSNR: 32.08 dB; SSIM: 0.9232.
23-02-20 12:42:37.282 : 0822.png - PSNR: 30.70 dB; SSIM: 0.8684.
23-02-20 12:42:40.498 : 0823.png - PSNR: 26.08 dB; SSIM: 0.8187.
23-02-20 12:42:43.841 : 0824.png - PSNR: 28.51 dB; SSIM: 0.8926.
23-02-20 12:42:47.188 : 0825.png - PSNR: 27.42 dB; SSIM: 0.8219.
23-02-20 12:42:50.839 : 0826.png - PSNR: 24.23 dB; SSIM: 0.7610.
23-02-20 12:42:54.424 : 0827.png - PSNR: 33.59 dB; SSIM: 0.8840.
23-02-20 12:42:57.498 : 0828.png - PSNR: 21.84 dB; SSIM: 0.9016.
23-02-20 12:43:00.625 : 0829.png - PSNR: 26.61 dB; SSIM: 0.5347.
23-02-20 12:43:02.605 : 0830.png - PSNR: 24.49 dB; SSIM: 0.7247.
23-02-20 12:43:05.803 : 0831.png - PSNR: 30.25 dB; SSIM: 0.8760.
23-02-20 12:43:09.009 : 0832.png - PSNR: 30.82 dB; SSIM: 0.8830.
23-02-20 12:43:12.565 : 0833.png - PSNR: 34.19 dB; SSIM: 0.9061.
23-02-20 12:43:15.658 : 0834.png - PSNR: 25.44 dB; SSIM: 0.7792.
23-02-20 12:43:19.372 : 0835.png - PSNR: 22.89 dB; SSIM: 0.5977.
23-02-20 12:43:22.935 : 0836.png - PSNR: 25.94 dB; SSIM: 0.7985.
23-02-20 12:43:26.056 : 0837.png - PSNR: 26.28 dB; SSIM: 0.8335.
23-02-20 12:43:29.187 : 0838.png - PSNR: 37.80 dB; SSIM: 0.9072.
23-02-20 12:43:32.303 : 0839.png - PSNR: 29.10 dB; SSIM: 0.8222.
23-02-20 12:43:35.593 : 0840.png - PSNR: 28.42 dB; SSIM: 0.8152.
23-02-20 12:43:38.765 : 0841.png - PSNR: 28.23 dB; SSIM: 0.8600.
23-02-20 12:43:42.023 : 0842.png - PSNR: 29.91 dB; SSIM: 0.8583.
23-02-20 12:43:45.163 : 0843.png - PSNR: 41.27 dB; SSIM: 0.9783.
23-02-20 12:43:48.420 : 0844.png - PSNR: 44.41 dB; SSIM: 0.9859.
23-02-20 12:43:51.637 : 0845.png - PSNR: 24.27 dB; SSIM: 0.7748.
23-02-20 12:43:54.821 : 0846.png - PSNR: 25.59 dB; SSIM: 0.8003.
23-02-20 12:43:58.003 : 0847.png - PSNR: 27.77 dB; SSIM: 0.8282.
23-02-20 12:44:01.661 : 0848.png - PSNR: 27.30 dB; SSIM: 0.7390.
23-02-20 12:44:04.851 : 0849.png - PSNR: 22.41 dB; SSIM: 0.7740.
23-02-20 12:44:08.003 : 0850.png - PSNR: 29.18 dB; SSIM: 0.8414.
23-02-20 12:44:11.140 : 0851.png - PSNR: 28.54 dB; SSIM: 0.8754.
23-02-20 12:44:13.889 : 0852.png - PSNR: 30.07 dB; SSIM: 0.8440.
23-02-20 12:44:17.039 : 0853.png - PSNR: 34.30 dB; SSIM: 0.9324.
23-02-20 12:44:19.561 : 0854.png - PSNR: 24.96 dB; SSIM: 0.7394.
23-02-20 12:44:24.466 : 0855.png - PSNR: 29.44 dB; SSIM: 0.7509.
23-02-20 12:44:27.731 : 0856.png - PSNR: 24.39 dB; SSIM: 0.7084.
23-02-20 12:44:31.074 : 0857.png - PSNR: 34.96 dB; SSIM: 0.7926.
23-02-20 12:44:34.330 : 0858.png - PSNR: 28.58 dB; SSIM: 0.7909.
23-02-20 12:44:37.533 : 0859.png - PSNR: 25.42 dB; SSIM: 0.6910.
23-02-20 12:44:41.268 : 0860.png - PSNR: 20.62 dB; SSIM: 0.6296.
23-02-20 12:44:44.409 : 0861.png - PSNR: 23.10 dB; SSIM: 0.7634.
23-02-20 12:44:47.672 : 0862.png - PSNR: 33.19 dB; SSIM: 0.8262.
23-02-20 12:44:51.299 : 0863.png - PSNR: 33.25 dB; SSIM: 0.8991.
23-02-20 12:44:54.447 : 0864.png - PSNR: 29.95 dB; SSIM: 0.7854.
23-02-20 12:44:58.017 : 0865.png - PSNR: 27.32 dB; SSIM: 0.7619.
23-02-20 12:45:01.252 : 0866.png - PSNR: 25.11 dB; SSIM: 0.8031.
23-02-20 12:45:04.456 : 0867.png - PSNR: 28.52 dB; SSIM: 0.8556.
23-02-20 12:45:07.763 : 0868.png - PSNR: 32.90 dB; SSIM: 0.9600.
23-02-20 12:45:11.013 : 0869.png - PSNR: 23.81 dB; SSIM: 0.7975.
23-02-20 12:45:14.904 : 0870.png - PSNR: 28.65 dB; SSIM: 0.8454.
23-02-20 12:45:18.169 : 0871.png - PSNR: 32.19 dB; SSIM: 0.9032.
23-02-20 12:45:21.510 : 0872.png - PSNR: 24.08 dB; SSIM: 0.6937.
23-02-20 12:45:24.811 : 0873.png - PSNR: 24.08 dB; SSIM: 0.7366.
23-02-20 12:45:27.992 : 0874.png - PSNR: 30.17 dB; SSIM: 0.7928.
23-02-20 12:45:31.662 : 0875.png - PSNR: 24.41 dB; SSIM: 0.6709.
23-02-20 12:45:34.855 : 0876.png - PSNR: 22.17 dB; SSIM: 0.5848.
23-02-20 12:45:37.525 : 0877.png - PSNR: 40.46 dB; SSIM: 0.9681.
23-02-20 12:45:41.631 : 0878.png - PSNR: 32.24 dB; SSIM: 0.8979.
23-02-20 12:45:46.001 : 0879.png - PSNR: 27.37 dB; SSIM: 0.8623.
23-02-20 12:45:49.152 : 0880.png - PSNR: 32.20 dB; SSIM: 0.9024.
23-02-20 12:45:52.135 : 0881.png - PSNR: 26.01 dB; SSIM: 0.7756.
23-02-20 12:45:55.358 : 0882.png - PSNR: 34.28 dB; SSIM: 0.9471.
23-02-20 12:45:58.629 : 0883.png - PSNR: 26.40 dB; SSIM: 0.7486.
23-02-20 12:46:02.117 : 0884.png - PSNR: 25.99 dB; SSIM: 0.7467.
23-02-20 12:46:05.606 : 0885.png - PSNR: 22.95 dB; SSIM: 0.5991.
23-02-20 12:46:09.189 : 0886.png - PSNR: 36.61 dB; SSIM: 0.9204.
23-02-20 12:46:12.642 : 0887.png - PSNR: 25.30 dB; SSIM: 0.7679.
23-02-20 12:46:16.137 : 0888.png - PSNR: 30.68 dB; SSIM: 0.8846.
23-02-20 12:46:19.734 : 0889.png - PSNR: 31.02 dB; SSIM: 0.9095.
23-02-20 12:46:23.375 : 0890.png - PSNR: 25.31 dB; SSIM: 0.7417.
23-02-20 12:46:27.573 : 0891.png - PSNR: 26.96 dB; SSIM: 0.8279.
23-02-20 12:46:30.821 : 0892.png - PSNR: 30.25 dB; SSIM: 0.9146.
23-02-20 12:46:34.055 : 0893.png - PSNR: 33.34 dB; SSIM: 0.8163.
23-02-20 12:46:37.695 : 0894.png - PSNR: 31.84 dB; SSIM: 0.8924.
23-02-20 12:46:41.080 : 0895.png - PSNR: 20.42 dB; SSIM: 0.5700.
23-02-20 12:46:44.690 : 0896.png - PSNR: 39.27 dB; SSIM: 0.9428.
23-02-20 12:46:48.384 : 0897.png - PSNR: 22.17 dB; SSIM: 0.6940.
23-02-20 12:46:52.209 : 0898.png - PSNR: 34.66 dB; SSIM: 0.9101.
23-02-20 12:46:56.127 : 0899.png - PSNR: 31.47 dB; SSIM: 0.9041.
23-02-20 12:46:59.438 : 0900.png - PSNR: 28.06 dB; SSIM: 0.8622.
23-02-20 12:46:59.439 :       Max Memery : 375.870 [M]
23-02-20 12:46:59.439 : ------> Average runtime of (valid) is : 61.688108 seconds
23-02-20 12:46:59.448 :     #Activations : 80.0452 [M]
23-02-20 12:46:59.448 :          #Conv2d : 39
23-02-20 12:46:59.467 :            FLOPs : 19.6953 [G]
23-02-20 12:46:59.468 :          #Params : 0.3172 [M]
23-03-09 15:02:30.530 : 00_RFDN_baseline
23-03-09 15:02:37.411 : 0801.png - PSNR: 29.76 dB; SSIM: 0.8572.
23-03-09 15:02:41.056 : 0802.png - PSNR: 35.29 dB; SSIM: 0.9011.
23-03-09 15:02:44.924 : 0803.png - PSNR: 40.77 dB; SSIM: 0.9709.
23-03-09 15:02:47.883 : 0804.png - PSNR: 27.54 dB; SSIM: 0.7940.
23-03-09 15:02:51.769 : 0805.png - PSNR: 28.58 dB; SSIM: 0.7745.
23-03-09 15:02:55.342 : 0806.png - PSNR: 28.65 dB; SSIM: 0.8701.
23-03-09 15:02:58.241 : 0807.png - PSNR: 20.28 dB; SSIM: 0.5308.
23-03-09 15:03:01.635 : 0808.png - PSNR: 26.89 dB; SSIM: 0.8012.
23-03-09 15:03:04.633 : 0809.png - PSNR: 32.31 dB; SSIM: 0.8631.
23-03-09 15:03:08.306 : 0810.png - PSNR: 26.77 dB; SSIM: 0.7802.
23-03-09 15:03:11.578 : 0811.png - PSNR: 29.13 dB; SSIM: 0.7872.
23-03-09 15:03:14.972 : 0812.png - PSNR: 28.10 dB; SSIM: 0.8183.
23-03-09 15:03:18.127 : 0813.png - PSNR: 31.47 dB; SSIM: 0.8799.
23-03-09 15:03:21.103 : 0814.png - PSNR: 28.40 dB; SSIM: 0.8998.
23-03-09 15:03:24.071 : 0815.png - PSNR: 34.22 dB; SSIM: 0.9191.
23-03-09 15:03:27.042 : 0816.png - PSNR: 31.73 dB; SSIM: 0.8415.
23-03-09 15:03:30.416 : 0817.png - PSNR: 32.29 dB; SSIM: 0.8860.
23-03-09 15:03:33.814 : 0818.png - PSNR: 29.04 dB; SSIM: 0.9024.
23-03-09 15:03:36.767 : 0819.png - PSNR: 28.14 dB; SSIM: 0.8246.
23-03-09 15:03:39.745 : 0820.png - PSNR: 25.08 dB; SSIM: 0.8096.
23-03-09 15:03:42.712 : 0821.png - PSNR: 32.31 dB; SSIM: 0.9268.
23-03-09 15:03:46.292 : 0822.png - PSNR: 30.74 dB; SSIM: 0.8694.
23-03-09 15:03:49.175 : 0823.png - PSNR: 26.10 dB; SSIM: 0.8195.
23-03-09 15:03:52.134 : 0824.png - PSNR: 28.55 dB; SSIM: 0.8933.
23-03-09 15:03:55.126 : 0825.png - PSNR: 27.45 dB; SSIM: 0.8226.
23-03-09 15:03:58.576 : 0826.png - PSNR: 24.27 dB; SSIM: 0.7627.
23-03-09 15:04:02.021 : 0827.png - PSNR: 33.69 dB; SSIM: 0.8851.
23-03-09 15:04:05.073 : 0828.png - PSNR: 22.07 dB; SSIM: 0.9053.
23-03-09 15:04:08.108 : 0829.png - PSNR: 26.62 dB; SSIM: 0.5350.
23-03-09 15:04:09.928 : 0830.png - PSNR: 24.52 dB; SSIM: 0.7257.
23-03-09 15:04:12.917 : 0831.png - PSNR: 30.37 dB; SSIM: 0.8780.
23-03-09 15:04:16.042 : 0832.png - PSNR: 30.96 dB; SSIM: 0.8843.
23-03-09 15:04:19.532 : 0833.png - PSNR: 34.19 dB; SSIM: 0.9064.
23-03-09 15:04:22.592 : 0834.png - PSNR: 25.46 dB; SSIM: 0.7794.
23-03-09 15:04:26.248 : 0835.png - PSNR: 22.89 dB; SSIM: 0.5985.
23-03-09 15:04:29.861 : 0836.png - PSNR: 25.99 dB; SSIM: 0.8003.
23-03-09 15:04:33.111 : 0837.png - PSNR: 26.32 dB; SSIM: 0.8347.
23-03-09 15:04:36.335 : 0838.png - PSNR: 37.79 dB; SSIM: 0.9070.
23-03-09 15:04:39.647 : 0839.png - PSNR: 29.11 dB; SSIM: 0.8224.
23-03-09 15:04:43.076 : 0840.png - PSNR: 28.44 dB; SSIM: 0.8158.
23-03-09 15:04:46.482 : 0841.png - PSNR: 28.27 dB; SSIM: 0.8609.
23-03-09 15:04:49.544 : 0842.png - PSNR: 30.12 dB; SSIM: 0.8620.
23-03-09 15:04:52.572 : 0843.png - PSNR: 41.22 dB; SSIM: 0.9783.
23-03-09 15:04:55.813 : 0844.png - PSNR: 44.54 dB; SSIM: 0.9859.
23-03-09 15:04:58.853 : 0845.png - PSNR: 24.42 dB; SSIM: 0.7778.
23-03-09 15:05:01.846 : 0846.png - PSNR: 25.58 dB; SSIM: 0.8024.
23-03-09 15:05:04.848 : 0847.png - PSNR: 27.89 dB; SSIM: 0.8304.
23-03-09 15:05:08.531 : 0848.png - PSNR: 27.33 dB; SSIM: 0.7396.
23-03-09 15:05:11.736 : 0849.png - PSNR: 22.50 dB; SSIM: 0.7764.
23-03-09 15:05:14.918 : 0850.png - PSNR: 29.20 dB; SSIM: 0.8421.
23-03-09 15:05:17.912 : 0851.png - PSNR: 28.61 dB; SSIM: 0.8761.
23-03-09 15:05:20.415 : 0852.png - PSNR: 30.11 dB; SSIM: 0.8449.
23-03-09 15:05:23.528 : 0853.png - PSNR: 34.32 dB; SSIM: 0.9323.
23-03-09 15:05:25.989 : 0854.png - PSNR: 24.98 dB; SSIM: 0.7400.
23-03-09 15:05:30.760 : 0855.png - PSNR: 29.43 dB; SSIM: 0.7510.
23-03-09 15:05:33.813 : 0856.png - PSNR: 24.41 dB; SSIM: 0.7084.
23-03-09 15:05:36.936 : 0857.png - PSNR: 34.95 dB; SSIM: 0.7925.
23-03-09 15:05:39.971 : 0858.png - PSNR: 28.59 dB; SSIM: 0.7915.
23-03-09 15:05:42.998 : 0859.png - PSNR: 25.57 dB; SSIM: 0.6993.
23-03-09 15:05:46.467 : 0860.png - PSNR: 20.65 dB; SSIM: 0.6316.
23-03-09 15:05:49.524 : 0861.png - PSNR: 23.12 dB; SSIM: 0.7632.
23-03-09 15:05:52.565 : 0862.png - PSNR: 33.18 dB; SSIM: 0.8261.
23-03-09 15:05:55.990 : 0863.png - PSNR: 33.25 dB; SSIM: 0.8990.
23-03-09 15:05:59.053 : 0864.png - PSNR: 29.96 dB; SSIM: 0.7860.
23-03-09 15:06:02.559 : 0865.png - PSNR: 27.32 dB; SSIM: 0.7621.
23-03-09 15:06:05.605 : 0866.png - PSNR: 25.22 dB; SSIM: 0.8066.
23-03-09 15:06:08.672 : 0867.png - PSNR: 28.58 dB; SSIM: 0.8572.
23-03-09 15:06:11.706 : 0868.png - PSNR: 32.89 dB; SSIM: 0.9598.
23-03-09 15:06:14.669 : 0869.png - PSNR: 23.84 dB; SSIM: 0.7978.
23-03-09 15:06:18.275 : 0870.png - PSNR: 28.68 dB; SSIM: 0.8461.
23-03-09 15:06:21.331 : 0871.png - PSNR: 32.22 dB; SSIM: 0.9037.
23-03-09 15:06:24.386 : 0872.png - PSNR: 24.10 dB; SSIM: 0.6945.
23-03-09 15:06:27.445 : 0873.png - PSNR: 24.12 dB; SSIM: 0.7387.
23-03-09 15:06:30.528 : 0874.png - PSNR: 30.22 dB; SSIM: 0.7948.
23-03-09 15:06:34.023 : 0875.png - PSNR: 24.45 dB; SSIM: 0.6722.
23-03-09 15:06:37.108 : 0876.png - PSNR: 22.21 dB; SSIM: 0.5879.
23-03-09 15:06:39.666 : 0877.png - PSNR: 40.49 dB; SSIM: 0.9681.
23-03-09 15:06:43.725 : 0878.png - PSNR: 32.24 dB; SSIM: 0.8977.
23-03-09 15:06:48.013 : 0879.png - PSNR: 27.39 dB; SSIM: 0.8628.
23-03-09 15:06:50.982 : 0880.png - PSNR: 32.32 dB; SSIM: 0.9037.
23-03-09 15:06:53.870 : 0881.png - PSNR: 25.98 dB; SSIM: 0.7754.
23-03-09 15:06:56.949 : 0882.png - PSNR: 34.29 dB; SSIM: 0.9470.
23-03-09 15:07:00.081 : 0883.png - PSNR: 26.42 dB; SSIM: 0.7494.
23-03-09 15:07:03.184 : 0884.png - PSNR: 26.06 dB; SSIM: 0.7501.
23-03-09 15:07:06.443 : 0885.png - PSNR: 22.97 dB; SSIM: 0.5972.
23-03-09 15:07:09.748 : 0886.png - PSNR: 36.60 dB; SSIM: 0.9204.
23-03-09 15:07:13.108 : 0887.png - PSNR: 25.33 dB; SSIM: 0.7687.
23-03-09 15:07:16.385 : 0888.png - PSNR: 30.71 dB; SSIM: 0.8853.
23-03-09 15:07:19.569 : 0889.png - PSNR: 31.08 dB; SSIM: 0.9105.
23-03-09 15:07:22.681 : 0890.png - PSNR: 25.32 dB; SSIM: 0.7426.
23-03-09 15:07:26.503 : 0891.png - PSNR: 26.99 dB; SSIM: 0.8297.
23-03-09 15:07:29.485 : 0892.png - PSNR: 30.36 dB; SSIM: 0.9160.
23-03-09 15:07:32.633 : 0893.png - PSNR: 33.35 dB; SSIM: 0.8164.
23-03-09 15:07:35.695 : 0894.png - PSNR: 31.85 dB; SSIM: 0.8925.
23-03-09 15:07:38.751 : 0895.png - PSNR: 20.46 dB; SSIM: 0.5730.
23-03-09 15:07:41.870 : 0896.png - PSNR: 39.29 dB; SSIM: 0.9428.
23-03-09 15:07:45.011 : 0897.png - PSNR: 22.22 dB; SSIM: 0.6956.
23-03-09 15:07:48.146 : 0898.png - PSNR: 34.60 dB; SSIM: 0.9099.
23-03-09 15:07:51.276 : 0899.png - PSNR: 31.51 dB; SSIM: 0.9052.
23-03-09 15:07:53.867 : 0900.png - PSNR: 28.20 dB; SSIM: 0.8637.
23-03-09 15:07:53.868 :       Max Memery : 788.130 [M]
23-03-09 15:07:53.868 : ------> Average runtime of (valid) is : 163.512188 seconds
23-03-09 15:07:53.877 :     #Activations : 112.0342 [M]
23-03-09 15:07:53.878 :          #Conv2d : 64
23-03-09 15:07:53.919 :            FLOPs : 27.1026 [G]
23-03-09 15:07:53.919 :          #Params : 0.4334 [M]
